# JRE version: Java(TM) SE Runtime Environment (7.0_51-b13) (build 1.7.0_51-b13)
# Java VM: Java HotSpot(TM) 64-Bit Server VM (24.51-b03 mixed mode windows-amd64 compressed oops)
Heap
 PSYoungGen      total 65024K, used 32633K [0x00000007ac100000, 0x00000007b0a00000, 0x0000000800000000)
  eden space 57344K, 56% used [0x00000007ac100000,0x00000007ae096130,0x00000007af900000)
  from space 7680K, 3% used [0x00000007b0280000,0x00000007b02c8460,0x00000007b0a00000)
  to   space 8704K, 0% used [0x00000007af900000,0x00000007af900000,0x00000007b0180000)
 ParOldGen       total 171520K, used 3867K [0x0000000704400000, 0x000000070eb80000, 0x00000007ac100000)
  object space 171520K, 2% used [0x0000000704400000,0x00000007047c6f98,0x000000070eb80000)
 PSPermGen       total 21504K, used 13122K [0x00000006ff200000, 0x0000000700700000, 0x0000000704400000)
  object space 21504K, 61% used [0x00000006ff200000,0x00000006ffed0ae8,0x0000000700700000)
GC Heap History (10 events):
Event: 1721.053 GC heap before
{Heap before GC invocations=6 (full 0):
 PSYoungGen      total 67072K, used 67027K [0x00000007ac100000, 0x00000007b0d80000, 0x0000000800000000)
  eden space 62976K, 100% used [0x00000007ac100000,0x00000007afe80000,0x00000007afe80000)
  from space 4096K, 98% used [0x00000007b0000000,0x00000007b03f4e50,0x00000007b0400000)
  to   space 7680K, 0% used [0x00000007b0600000,0x00000007b0600000,0x00000007b0d80000)
 ParOldGen       total 171520K, used 63K [0x0000000704400000, 0x000000070eb80000, 0x00000007ac100000)
  object space 171520K, 0% used [0x0000000704400000,0x000000070440fc00,0x000000070eb80000)
 PSPermGen       total 21504K, used 13030K [0x00000006ff200000, 0x0000000700700000, 0x0000000704400000)
  object space 21504K, 60% used [0x00000006ff200000,0x00000006ffeb9bf0,0x0000000700700000)
Event: 1721.087 GC heap after
Heap after GC invocations=6 (full 0):
 PSYoungGen      total 67584K, used 4002K [0x00000007ac100000, 0x00000007b0c00000, 0x0000000800000000)
  eden space 61440K, 0% used [0x00000007ac100000,0x00000007ac100000,0x00000007afd00000)
  from space 6144K, 65% used [0x00000007b0600000,0x00000007b09e8a00,0x00000007b0c00000)
  to   space 7680K, 0% used [0x00000007afd00000,0x00000007afd00000,0x00000007b0480000)
 ParOldGen       total 171520K, used 71K [0x0000000704400000, 0x000000070eb80000, 0x00000007ac100000)
  object space 171520K, 0% used [0x0000000704400000,0x0000000704411c00,0x000000070eb80000)
 PSPermGen       total 21504K, used 13030K [0x00000006ff200000, 0x0000000700700000, 0x0000000704400000)
  object space 21504K, 60% used [0x00000006ff200000,0x00000006ffeb9bf0,0x0000000700700000)
}
Event: 1992.644 GC heap before
{Heap before GC invocations=7 (full 0):
 PSYoungGen      total 67584K, used 65442K [0x00000007ac100000, 0x00000007b0c00000, 0x0000000800000000)
  eden space 61440K, 100% used [0x00000007ac100000,0x00000007afd00000,0x00000007afd00000)
  from space 6144K, 65% used [0x00000007b0600000,0x00000007b09e8a00,0x00000007b0c00000)
  to   space 7680K, 0% used [0x00000007afd00000,0x00000007afd00000,0x00000007b0480000)
 ParOldGen       total 171520K, used 71K [0x0000000704400000, 0x000000070eb80000, 0x00000007ac100000)
  object space 171520K, 0% used [0x0000000704400000,0x0000000704411c00,0x000000070eb80000)
 PSPermGen       total 21504K, used 13050K [0x00000006ff200000, 0x0000000700700000, 0x0000000704400000)
  object space 21504K, 60% used [0x00000006ff200000,0x00000006ffebea00,0x0000000700700000)
Event: 1992.666 GC heap after
Heap after GC invocations=7 (full 0):
 PSYoungGen      total 60928K, used 274K [0x00000007ac100000, 0x00000007b0c00000, 0x0000000800000000)
  eden space 60416K, 0% used [0x00000007ac100000,0x00000007ac100000,0x00000007afc00000)
  from space 512K, 53% used [0x00000007afd00000,0x00000007afd44af0,0x00000007afd80000)
  to   space 8192K, 0% used [0x00000007b0400000,0x00000007b0400000,0x00000007b0c00000)
 ParOldGen       total 171520K, used 3827K [0x0000000704400000, 0x000000070eb80000, 0x00000007ac100000)
  object space 171520K, 2% used [0x0000000704400000,0x00000007047bcf98,0x000000070eb80000)
 PSPermGen       total 21504K, used 13050K [0x00000006ff200000, 0x0000000700700000, 0x0000000704400000)
  object space 21504K, 60% used [0x00000006ff200000,0x00000006ffebea00,0x0000000700700000)
}
Event: 2309.586 GC heap before
{Heap before GC invocations=8 (full 0):
 PSYoungGen      total 60928K, used 60690K [0x00000007ac100000, 0x00000007b0c00000, 0x0000000800000000)
  eden space 60416K, 100% used [0x00000007ac100000,0x00000007afc00000,0x00000007afc00000)
  from space 512K, 53% used [0x00000007afd00000,0x00000007afd44af0,0x00000007afd80000)
  to   space 8192K, 0% used [0x00000007b0400000,0x00000007b0400000,0x00000007b0c00000)
 ParOldGen       total 171520K, used 3827K [0x0000000704400000, 0x000000070eb80000, 0x00000007ac100000)
  object space 171520K, 2% used [0x0000000704400000,0x00000007047bcf98,0x000000070eb80000)
 PSPermGen       total 21504K, used 13064K [0x00000006ff200000, 0x0000000700700000, 0x0000000704400000)
  object space 21504K, 60% used [0x00000006ff200000,0x00000006ffec23a0,0x0000000700700000)
Event: 2309.600 GC heap after
Heap after GC invocations=8 (full 0):
 PSYoungGen      total 67584K, used 337K [0x00000007ac100000, 0x00000007b0c00000, 0x0000000800000000)
  eden space 59392K, 0% used [0x00000007ac100000,0x00000007ac100000,0x00000007afb00000)
  from space 8192K, 4% used [0x00000007b0400000,0x00000007b0454690,0x00000007b0c00000)
  to   space 8704K, 0% used [0x00000007afb00000,0x00000007afb00000,0x00000007b0380000)
 ParOldGen       total 171520K, used 3843K [0x0000000704400000, 0x000000070eb80000, 0x00000007ac100000)
  object space 171520K, 2% used [0x0000000704400000,0x00000007047c0f98,0x000000070eb80000)
 PSPermGen       total 21504K, used 13064K [0x00000006ff200000, 0x0000000700700000, 0x0000000704400000)
  object space 21504K, 60% used [0x00000006ff200000,0x00000006ffec23a0,0x0000000700700000)
}
Event: 2577.434 GC heap before
{Heap before GC invocations=9 (full 0):
 PSYoungGen      total 67584K, used 59729K [0x00000007ac100000, 0x00000007b0c00000, 0x0000000800000000)
  eden space 59392K, 100% used [0x00000007ac100000,0x00000007afb00000,0x00000007afb00000)
  from space 8192K, 4% used [0x00000007b0400000,0x00000007b0454690,0x00000007b0c00000)
  to   space 8704K, 0% used [0x00000007afb00000,0x00000007afb00000,0x00000007b0380000)
 ParOldGen       total 171520K, used 3843K [0x0000000704400000, 0x000000070eb80000, 0x00000007ac100000)
  object space 171520K, 2% used [0x0000000704400000,0x00000007047c0f98,0x000000070eb80000)
 PSPermGen       total 21504K, used 13081K [0x00000006ff200000, 0x0000000700700000, 0x0000000704400000)
  object space 21504K, 60% used [0x00000006ff200000,0x00000006ffec65e8,0x0000000700700000)
Event: 2577.436 GC heap after
Heap after GC invocations=9 (full 0):
 PSYoungGen      total 58880K, used 322K [0x00000007ac100000, 0x00000007b0b00000, 0x0000000800000000)
  eden space 58368K, 0% used [0x00000007ac100000,0x00000007ac100000,0x00000007afa00000)
  from space 512K, 62% used [0x00000007afb00000,0x00000007afb508c0,0x00000007afb80000)
  to   space 8704K, 0% used [0x00000007b0280000,0x00000007b0280000,0x00000007b0b00000)
 ParOldGen       total 171520K, used 3851K [0x0000000704400000, 0x000000070eb80000, 0x00000007ac100000)
  object space 171520K, 2% used [0x0000000704400000,0x00000007047c2f98,0x000000070eb80000)
 PSPermGen       total 21504K, used 13081K [0x00000006ff200000, 0x0000000700700000, 0x0000000704400000)
  object space 21504K, 60% used [0x00000006ff200000,0x00000006ffec65e8,0x0000000700700000)
}
Event: 2895.247 GC heap before
{Heap before GC invocations=10 (full 0):
 PSYoungGen      total 58880K, used 58690K [0x00000007ac100000, 0x00000007b0b00000, 0x0000000800000000)
  eden space 58368K, 100% used [0x00000007ac100000,0x00000007afa00000,0x00000007afa00000)
  from space 512K, 62% used [0x00000007afb00000,0x00000007afb508c0,0x00000007afb80000)
  to   space 8704K, 0% used [0x00000007b0280000,0x00000007b0280000,0x00000007b0b00000)
 ParOldGen       total 171520K, used 3851K [0x0000000704400000, 0x000000070eb80000, 0x00000007ac100000)
  object space 171520K, 2% used [0x0000000704400000,0x00000007047c2f98,0x000000070eb80000)
 PSPermGen       total 21504K, used 13109K [0x00000006ff200000, 0x0000000700700000, 0x0000000704400000)
  object space 21504K, 60% used [0x00000006ff200000,0x00000006ffecd420,0x0000000700700000)
Event: 2895.250 GC heap after
Heap after GC invocations=10 (full 0):
 PSYoungGen      total 65024K, used 289K [0x00000007ac100000, 0x00000007b0a00000, 0x0000000800000000)
  eden space 57344K, 0% used [0x00000007ac100000,0x00000007ac100000,0x00000007af900000)
  from space 7680K, 3% used [0x00000007b0280000,0x00000007b02c8460,0x00000007b0a00000)
  to   space 8704K, 0% used [0x00000007af900000,0x00000007af900000,0x00000007b0180000)
 ParOldGen       total 171520K, used 3867K [0x0000000704400000, 0x000000070eb80000, 0x00000007ac100000)
  object space 171520K, 2% used [0x0000000704400000,0x00000007047c6f98,0x000000070eb80000)
 PSPermGen       total 21504K, used 13109K [0x00000006ff200000, 0x0000000700700000, 0x0000000704400000)
  object space 21504K, 60% used [0x00000006ff200000,0x00000006ffecd420,0x0000000700700000)
}

